2022-11-28 19:54:26 [INFO ] JavaFXApplication:58 - Start log4j
2022-11-28 19:54:26 [INFO ] JavaFXApplication:59 - Hi Logger info!
2022-11-28 19:54:26 [WARN ] JavaFXApplication:60 - Warrning!
2022-11-28 19:54:26 [ERROR] JavaFXApplication:61 - Error!
2022-11-28 19:54:26 [FATAL] JavaFXApplication:62 - Fatal error!
2022-11-28 19:54:26 [INFO ] JavaFXApplication:63 - End log4j
2022-11-28 20:01:05 [INFO ] FXMLDocumentController:81 - Start log4j
2022-11-28 20:01:05 [INFO ] FXMLDocumentController:82 - Hi Logger info!
2022-11-28 20:01:05 [WARN ] FXMLDocumentController:83 - Warrning!
2022-11-28 20:01:05 [ERROR] FXMLDocumentController:84 - Error!
2022-11-28 20:01:05 [FATAL] FXMLDocumentController:85 - Fatal error!
2022-11-28 20:01:05 [INFO ] FXMLDocumentController:86 - End log4j
2022-11-28 20:01:30 [INFO ] FXMLDocumentController:81 - Start log4j
2022-11-28 20:01:30 [INFO ] FXMLDocumentController:82 - Hi Logger info!
2022-11-28 20:01:30 [WARN ] FXMLDocumentController:83 - Warrning!
2022-11-28 20:01:30 [ERROR] FXMLDocumentController:84 - Error!
2022-11-28 20:01:30 [FATAL] FXMLDocumentController:85 - Fatal error!
2022-11-28 20:01:30 [INFO ] FXMLDocumentController:86 - End log4j
2022-11-28 20:03:03 [INFO ] FXMLDocumentController:81 - Start log4j
2022-11-28 20:03:03 [INFO ] FXMLDocumentController:82 - Hi Logger info!
2022-11-28 20:03:03 [WARN ] FXMLDocumentController:83 - Warrning!
2022-11-28 20:03:03 [ERROR] FXMLDocumentController:84 - Error!
2022-11-28 20:03:03 [FATAL] FXMLDocumentController:85 - Fatal error!
2022-11-28 20:03:03 [INFO ] FXMLDocumentController:86 - End log4j
2022-11-28 20:10:09 [INFO ] FXMLDocumentController:79 - Start log4j
2022-11-28 20:10:09 [INFO ] FXMLDocumentController:80 - Hi Logger info!
2022-11-28 20:34:43 [INFO ] FXMLDocumentController:79 - Start log4j
2022-11-28 20:34:43 [INFO ] FXMLDocumentController:80 - Hi Logger info!
2022-11-28 20:35:43 [INFO ] FXMLDocumentController:79 - Start log4j
2022-11-28 20:35:43 [INFO ] FXMLDocumentController:80 - Hi Logger info!
2022-11-30 21:27:14 [INFO ] FXMLDocumentController:79 - Start log4j
2022-11-30 21:27:14 [INFO ] FXMLDocumentController:80 - Hi Logger info!
2022-12-01 10:40:04 [INFO ] FXMLDocumentController:87 - Start log4j
2022-12-01 10:40:04 [INFO ] FXMLDocumentController:88 - Hi Logger info!
2022-12-01 10:40:55 [INFO ] FXMLDocumentController:87 - Start log4j
2022-12-01 10:40:55 [INFO ] FXMLDocumentController:88 - Hi Logger info!
2022-12-01 10:42:02 [INFO ] FXMLDocumentController:87 - Start log4j
2022-12-01 10:42:02 [INFO ] FXMLDocumentController:88 - Hi Logger info!
2022-12-01 10:44:30 [INFO ] FXMLDocumentController:87 - Start log4j
2022-12-01 10:44:30 [INFO ] FXMLDocumentController:88 - Hi Logger info!
2022-12-01 10:46:15 [INFO ] FXMLDocumentController:87 - Start log4j
2022-12-01 10:46:15 [INFO ] FXMLDocumentController:88 - Hi Logger info!
2022-12-01 10:47:59 [INFO ] FXMLDocumentController:87 - Start log4j
2022-12-01 10:47:59 [INFO ] FXMLDocumentController:88 - Hi Logger info!
2022-12-01 10:48:18 [INFO ] FXMLDocumentController:87 - Start log4j
2022-12-01 10:48:18 [INFO ] FXMLDocumentController:88 - Hi Logger info!
2022-12-01 10:49:45 [INFO ] FXMLDocumentController:87 - Start log4j
2022-12-01 10:49:45 [INFO ] FXMLDocumentController:88 - Hi Logger info!
